e:\vus code\mymain\mymain\x64\debug\vc143.pdb
e:\vus code\mymain\mymain\x64\debug\vc143.idb
e:\vus code\mymain\mymain\x64\debug\vec3.obj
e:\vus code\mymain\mymain\x64\debug\main.obj
e:\vus code\mymain\mymain\x64\debug\draw_orbit.obj
e:\vus code\mymain\mymain\x64\debug\drawcycle.obj
e:\vus code\mymain\mymain\x64\debug\creat_planet.obj
e:\vus code\mymain\mymain\x64\debug\add_music.obj
e:\vus code\mymain\x64\debug\mymain.exe
e:\vus code\mymain\x64\debug\mymain.pdb
e:\vus code\mymain\mymain\x64\debug\mymain.ilk
e:\vus code\mymain\mymain\x64\debug\add_music.obj.enc
e:\vus code\mymain\mymain\x64\debug\mymain.tlog\cl.command.1.tlog
e:\vus code\mymain\mymain\x64\debug\mymain.tlog\cl.items.tlog
e:\vus code\mymain\mymain\x64\debug\mymain.tlog\cl.read.1.tlog
e:\vus code\mymain\mymain\x64\debug\mymain.tlog\cl.write.1.tlog
e:\vus code\mymain\mymain\x64\debug\mymain.tlog\link.command.1.tlog
e:\vus code\mymain\mymain\x64\debug\mymain.tlog\link.read.1.tlog
e:\vus code\mymain\mymain\x64\debug\mymain.tlog\link.secondary.1.tlog
e:\vus code\mymain\mymain\x64\debug\mymain.tlog\link.write.1.tlog
